#
# There is insufficient memory for the Java Runtime Environment to continue.
# Native memory allocation (mmap) failed to map 65011712 bytes for Failed to commit area from 0x00000000c2600000 to 0x00000000c6400000 of length 65011712.
# Possible reasons:
#   The system is out of physical RAM or swap space
#   The process is running with CompressedOops enabled, and the Java Heap may be blocking the growth of the native heap
# Possible solutions:
#   Reduce memory load on the system
#   Increase physical memory or swap space
#   Check if swap backing store is full
#   Decrease Java heap size (-Xmx/-Xms)
#   Decrease number of Java threads
#   Decrease Java thread stack sizes (-Xss)
#   Set larger code cache with -XX:ReservedCodeCacheSize=
#   JVM is running with Unscaled Compressed Oops mode in which the Java heap is
#     placed in the first 4GB address space. The Java Heap base address is the
#     maximum limit for the native heap growth. Please use -XX:HeapBaseMinAddress
#     to set the Java Heap base and to place the Java Heap above 4GB virtual address.
# This output file may be truncated or incomplete.
#
#  Out of Memory Error (./src/hotspot/os/windows/os_windows.cpp:3315), pid=10796, tid=3856
#
# JRE version:  (14.0.2+12) (build )
# Java VM: OpenJDK 64-Bit Server VM (14.0.2+12, mixed mode, sharing, tiered, compressed oops, g1 gc, windows-amd64)
# No core dump will be written. Minidumps are not enabled by default on client versions of Windows
#

---------------  S U M M A R Y ------------

Command Line: -XX:TieredStopAtLevel=1 -Xverify:none -Dspring.output.ansi.enabled=always -javaagent:C:\Program Files\JetBrains\IntelliJ IDEA 2020.3.3\lib\idea_rt.jar=49911:C:\Program Files\JetBrains\IntelliJ IDEA 2020.3.3\bin -Dcom.sun.management.jmxremote -Dspring.jmx.enabled=true -Dspring.liveBeansView.mbeanDomain -Dspring.application.admin.enabled=true -Dfile.encoding=UTF-8 selfcareassistant.SelfCareAssistantApplicationKt

Host: Intel(R) Pentium(R) CPU N4200 @ 1.10GHz, 4 cores, 3G,  Windows 10 , 64 bit Build 19041 (10.0.19041.804)
Time: Thu Apr  1 23:59:20 2021 RTZ 2 (зима) elapsed time: 0 seconds (0d 0h 0m 0s)

---------------  T H R E A D  ---------------

Current thread (0x0000019220ca1800):  JavaThread "Unknown thread" [_thread_in_vm, id=3856, stack(0x00000063dbd00000,0x00000063dbe00000)]

Stack: [0x00000063dbd00000,0x00000063dbe00000]
Native frames: (J=compiled Java code, j=interpreted, Vv=VM code, C=native code)
V  [jvm.dll+0x5fd67a]
V  [jvm.dll+0x79785a]
V  [jvm.dll+0x79900f]
V  [jvm.dll+0x799653]
V  [jvm.dll+0x20f108]
V  [jvm.dll+0x5fa9ca]
V  [jvm.dll+0x5ef825]
V  [jvm.dll+0x2ca8cc]
V  [jvm.dll+0x2ca702]
V  [jvm.dll+0x2d05ec]
V  [jvm.dll+0x316b58]
V  [jvm.dll+0x316280]
V  [jvm.dll+0x2a32da]
V  [jvm.dll+0x2a4429]
V  [jvm.dll+0x774f38]
V  [jvm.dll+0x324784]
V  [jvm.dll+0x75640c]
V  [jvm.dll+0x3959cf]
V  [jvm.dll+0x397c01]
C  [jli.dll+0x524b]
C  [ucrtbase.dll+0x21bb2]
C  [KERNEL32.DLL+0x17034]
C  [ntdll.dll+0x52651]


---------------  P R O C E S S  ---------------

Threads class SMR info:
_java_thread_list=0x00007ffef1ed35f8, length=0, elements={
}

Java Threads: ( => current thread )

Other Threads:
  0x0000019220cd0800 GCTaskThread "GC Thread#0" [stack: 0x00000063dbe00000,0x00000063dbf00000] [id=5364]
  0x0000019220cda800 ConcurrentGCThread "G1 Main Marker" [stack: 0x00000063dbf00000,0x00000063dc000000] [id=9168]
  0x0000019220cdb800 ConcurrentGCThread "G1 Conc#0" [stack: 0x00000063dc000000,0x00000063dc100000] [id=7820]

[error occurred during error reporting (printing all threads), id 0xc0000005, EXCEPTION_ACCESS_VIOLATION (0xc0000005) at pc=0x00007ffef1693c07]

VM state:not at safepoint (not fully initialized)

VM Mutex/Monitor currently owned by a thread:  ([mutex/lock_event])
[0x0000019220c9c910] Heap_lock - owner thread: 0x0000019220ca1800

Heap address: 0x00000000c2600000, size: 986 MB, Compressed Oops mode: 32-bit
Narrow klass base: 0x0000000000000000, Narrow klass shift: 0

GC Heap History (0 events):
No events

Deoptimization events (0 events):
No events

Classes unloaded (0 events):
No events

Classes redefined (0 events):
No events

Internal exceptions (0 events):
No events

Events (2 events):
Event: 0.026 Loaded shared library C:\Users\denik\.jdks\adopt-openjdk-14.0.2\bin\java.dll
Event: 0.027 Loaded shared library C:\Users\denik\.jdks\adopt-openjdk-14.0.2\bin\zip.dll


Dynamic libraries:
0x00007ff7e9c90000 - 0x00007ff7e9c9d000 	C:\Users\denik\.jdks\adopt-openjdk-14.0.2\bin\java.exe
0x00007fff35990000 - 0x00007fff35b85000 	C:\WINDOWS\SYSTEM32\ntdll.dll
0x00007fff35310000 - 0x00007fff353cd000 	C:\WINDOWS\System32\KERNEL32.DLL
0x00007fff33150000 - 0x00007fff33419000 	C:\WINDOWS\System32\KERNELBASE.dll
0x00007fff33770000 - 0x00007fff33870000 	C:\WINDOWS\System32\ucrtbase.dll
0x00007fff2c1a0000 - 0x00007fff2c1b8000 	C:\Users\denik\.jdks\adopt-openjdk-14.0.2\bin\jli.dll
0x00007fff2c180000 - 0x00007fff2c195000 	C:\Users\denik\.jdks\adopt-openjdk-14.0.2\bin\VCRUNTIME140.dll
0x00007fff34310000 - 0x00007fff344b0000 	C:\WINDOWS\System32\USER32.dll
0x00007fff33870000 - 0x00007fff33892000 	C:\WINDOWS\System32\win32u.dll
0x00007fff35120000 - 0x00007fff3514a000 	C:\WINDOWS\System32\GDI32.dll
0x00007fff33630000 - 0x00007fff3373b000 	C:\WINDOWS\System32\gdi32full.dll
0x00007fff338a0000 - 0x00007fff3393d000 	C:\WINDOWS\System32\msvcp_win.dll
0x00007fff203f0000 - 0x00007fff2068a000 	C:\WINDOWS\WinSxS\amd64_microsoft.windows.common-controls_6595b64144ccf1df_6.0.19041.844_none_ca00b6081b84eb1d\COMCTL32.dll
0x00007fff35080000 - 0x00007fff3511e000 	C:\WINDOWS\System32\msvcrt.dll
0x00007fff342d0000 - 0x00007fff34300000 	C:\WINDOWS\System32\IMM32.DLL
0x00007fff01f90000 - 0x00007fff0202b000 	C:\Users\denik\.jdks\adopt-openjdk-14.0.2\bin\msvcp140.dll
0x00007ffef13e0000 - 0x00007ffef1f74000 	C:\Users\denik\.jdks\adopt-openjdk-14.0.2\bin\server\jvm.dll
0x00007fff357e0000 - 0x00007fff3588c000 	C:\WINDOWS\System32\ADVAPI32.dll
0x00007fff33ba0000 - 0x00007fff33c3c000 	C:\WINDOWS\System32\sechost.dll
0x00007fff34800000 - 0x00007fff3492b000 	C:\WINDOWS\System32\RPCRT4.dll
0x00007fff34300000 - 0x00007fff34308000 	C:\WINDOWS\System32\PSAPI.DLL
0x00007fff20980000 - 0x00007fff20989000 	C:\WINDOWS\SYSTEM32\WSOCK32.dll
0x00007fff2c510000 - 0x00007fff2c537000 	C:\WINDOWS\SYSTEM32\WINMM.dll
0x00007fff34560000 - 0x00007fff345cb000 	C:\WINDOWS\System32\WS2_32.dll
0x00007fff2b0c0000 - 0x00007fff2b0ca000 	C:\WINDOWS\SYSTEM32\VERSION.dll
0x00007fff31a00000 - 0x00007fff31a12000 	C:\WINDOWS\SYSTEM32\kernel.appcore.dll
0x00007fff2e5c0000 - 0x00007fff2e5ca000 	C:\Users\denik\.jdks\adopt-openjdk-14.0.2\bin\jimage.dll
0x00007fff31660000 - 0x00007fff31844000 	C:\WINDOWS\SYSTEM32\DBGHELP.DLL
0x00007fff1d520000 - 0x00007fff1d54c000 	C:\WINDOWS\SYSTEM32\dbgcore.DLL
0x00007fff330d0000 - 0x00007fff33150000 	C:\WINDOWS\System32\bcryptPrimitives.dll
0x00007fff2e5a0000 - 0x00007fff2e5ae000 	C:\Users\denik\.jdks\adopt-openjdk-14.0.2\bin\instrument.dll
0x00007fff2c150000 - 0x00007fff2c175000 	C:\Users\denik\.jdks\adopt-openjdk-14.0.2\bin\java.dll
0x00007fff2ba80000 - 0x00007fff2ba96000 	C:\Users\denik\.jdks\adopt-openjdk-14.0.2\bin\zip.dll

dbghelp: loaded successfully - version: 4.0.5 - missing functions: none
symbol engine: initialized successfully - sym options: 0x614 - pdb path: .;C:\Users\denik\.jdks\adopt-openjdk-14.0.2\bin;C:\WINDOWS\SYSTEM32;C:\WINDOWS\WinSxS\amd64_microsoft.windows.common-controls_6595b64144ccf1df_6.0.19041.844_none_ca00b6081b84eb1d;C:\Users\denik\.jdks\adopt-openjdk-14.0.2\bin\server

VM Arguments:
jvm_args: -XX:TieredStopAtLevel=1 -Xverify:none -Dspring.output.ansi.enabled=always -javaagent:C:\Program Files\JetBrains\IntelliJ IDEA 2020.3.3\lib\idea_rt.jar=49911:C:\Program Files\JetBrains\IntelliJ IDEA 2020.3.3\bin -Dcom.sun.management.jmxremote -Dspring.jmx.enabled=true -Dspring.liveBeansView.mbeanDomain -Dspring.application.admin.enabled=true -Dfile.encoding=UTF-8 
java_command: selfcareassistant.SelfCareAssistantApplicationKt
java_class_path (initial): C:\Users\denik\Documents\FLS-Self-Care-Assistant2\self-care-assistant-backend\build\classes\kotlin\main;C:\Users\denik\Documents\FLS-Self-Care-Assistant2\self-care-assistant-backend\build\resources\main;C:\Users\denik\.gradle\caches\modules-2\files-2.1\org.projectlombok\lombok\1.18.18\481f5bfed3ae29f656eedfe9e98c8365b8ba5c57\lombok-1.18.18.jar;C:\Users\denik\.gradle\caches\modules-2\files-2.1\org.springframework.boot\spring-boot-starter-data-jpa\2.4.3\356d18d4bb10915f3d13c845fc38b5c068f2e075\spring-boot-starter-data-jpa-2.4.3.jar;C:\Users\denik\.gradle\caches\modules-2\files-2.1\org.springframework.boot\spring-boot-starter-data-rest\2.4.3\58ebc51b732632e0d2e666bdd6a6032936333b43\spring-boot-starter-data-rest-2.4.3.jar;C:\Users\denik\.gradle\caches\modules-2\files-2.1\org.springframework.boot\spring-boot-starter-web\2.4.3\4f5554ea183af87e52d8c31bb82aada0d74c40b0\spring-boot-starter-web-2.4.3.jar;C:\Users\denik\.gradle\caches\modules-2\files-2.1\com.fasterxml.jackson.module\jackson-module-kotlin\2.11.4\544a83b23869a06d350226583ae607d22eeb6fe9\jackson-module-kotlin-2.11.4.jar;C:\Users\denik\.gradle\caches\modules-2\files-2.1\org.jetbrains.kotlin\kotlin-reflect\1.4.30\a9116fbe28a0514671787df95133f28e65fdac25\kotlin-reflect-1.4.30.jar;C:\Users\denik\.gradle\caches\modules-2\files-2.1\org.jetbrains.kotlin\kotlin-stdlib-jdk8\1.4.30\aeecfab2e6acbcb80fc6628e8882c98cbbd819cf\kotlin-stdlib-jdk8-1.4.30.jar;C:\Users\denik\.gradle\caches\modules-2\files-2.1\org.springframework.boot\spring-boot-starter-aop\2.4.3\333593abae74bf7ecc883460751dcc69afb82604\spring-boot-starter-aop-2.4.3.jar;C:\Users\denik\.gradle\caches\modules-2\files-2.1\org.springframework.boot\spring-boot-starter-jdbc\2.4.3\2c5853339333cd2b545816d57f12f9d0a0fe6932\spring-boot-starter-jdbc-2.4.3.jar;C:\Users\denik\.gradle\caches\modules-2\files-2.1\jakarta.transaction\jakarta.transaction-api\1.3.3\c4179d48720a1e87202115fbed6089bdc4195405\jakarta.transaction-api-1.3.3.jar;C:\Users\denik\.
Launcher Type: SUN_STANDARD

[Global flags]
     intx CICompilerCount                          = 3                                         {product} {ergonomic}
     uint ConcGCThreads                            = 1                                         {product} {ergonomic}
     uint G1ConcRefinementThreads                  = 4                                         {product} {ergonomic}
   size_t G1HeapRegionSize                         = 1048576                                   {product} {ergonomic}
    uintx GCDrainStackTargetSize                   = 64                                        {product} {ergonomic}
   size_t InitialHeapSize                          = 65011712                                  {product} {ergonomic}
     bool ManagementServer                         = true                                      {product} {command line}
   size_t MarkStackSize                            = 4194304                                   {product} {ergonomic}
   size_t MaxHeapSize                              = 1033895936                                {product} {ergonomic}
   size_t MinHeapDeltaBytes                        = 1048576                                   {product} {ergonomic}
   size_t MinHeapSize                              = 8388608                                   {product} {ergonomic}
    uintx NonNMethodCodeHeapSize                   = 6973028                                {pd product} {ergonomic}
    uintx NonProfiledCodeHeapSize                  = 244685212                              {pd product} {ergonomic}
    uintx ProfiledCodeHeapSize                     = 0                                      {pd product} {ergonomic}
    uintx ReservedCodeCacheSize                    = 251658240                              {pd product} {ergonomic}
     bool SegmentedCodeCache                       = true                                      {product} {ergonomic}
   size_t SoftMaxHeapSize                          = 1033895936                             {manageable} {ergonomic}
     intx TieredStopAtLevel                        = 1                                         {product} {command line}
     bool UseCompressedClassPointers               = true                                 {lp64_product} {ergonomic}
     bool UseCompressedOops                        = true                                 {lp64_product} {ergonomic}
     bool UseG1GC                                  = true                                      {product} {ergonomic}
     bool UseLargePagesIndividualAllocation        = false                                  {pd product} {ergonomic}

Logging:
Log output configuration:
 #0: stdout all=warning uptime,level,tags
 #1: stderr all=off uptime,level,tags

Environment Variables:
PATH=C:\app\denik\product\18.0.0\dbhomeXE\bin;C:\WINDOWS\system32;C:\WINDOWS;C:\WINDOWS\System32\Wbem;C:\WINDOWS\System32\WindowsPowerShell\v1.0\;C:\WINDOWS\System32\OpenSSH\;C:\Program Files\Git\cmd;C:\Program Files\nodejs\;C:\Users\denik\AppData\Local\Microsoft\WindowsApps;C:\Users\denik\AppData\Roaming\npm;C:\Users\denik\AppData\Local\GitHubDesktop\bin
USERNAME=denik
OS=Windows_NT
PROCESSOR_IDENTIFIER=Intel64 Family 6 Model 92 Stepping 9, GenuineIntel



---------------  S Y S T E M  ---------------

OS: Windows 10 , 64 bit Build 19041 (10.0.19041.804)
OS uptime: 9 days 4:55 hours

CPU:total 4 (initial active 4) (4 cores per cpu, 1 threads per core) family 6 model 92 stepping 9, cmov, cx8, fxsr, mmx, sse, sse2, sse3, ssse3, sse4.1, sse4.2, popcnt, aes, clmul, erms, 3dnowpref, tsc, tscinvbit, sha

Memory: 4k page, system-wide physical 3936M (259M free)
TotalPageFile size 11311M (AvailPageFile size 19M)
current process WorkingSet (physical memory assigned to process): 10M, peak: 10M
current process commit charge ("private bytes"): 49M, peak: 111M

vm_info: OpenJDK 64-Bit Server VM (14.0.2+12) for windows-amd64 JRE (14.0.2+12), built on Jul 15 2020 11:30:16 by "" with MS VC++ 15.9 (VS2017)

END.
